<?xml version="1.0" encoding="UTF-8"?>
<testng-results skipped="0" failed="0" ignored="0" total="2" passed="2">
  <reporter-output>
  </reporter-output>
  <suite name="Default suite" duration-ms="54" started-at="2019-08-30T09:09:02Z" finished-at="2019-08-30T09:09:02Z">
    <groups>
    </groups>
    <test name="Default test" duration-ms="54" started-at="2019-08-30T09:09:02Z" finished-at="2019-08-30T09:09:02Z">
      <class name="mavenFWProject.CustomerModuleTest">
        <test-method status="PASS" signature="createCustomerTest()[pri:0, instance:mavenFWProject.CustomerModuleTest@100fc185]" name="createCustomerTest" duration-ms="17" started-at="2019-08-30T14:39:02Z" finished-at="2019-08-30T14:39:02Z">
          <reporter-output>
          </reporter-output>
        </test-method> <!-- createCustomerTest -->
        <test-method status="PASS" signature="modifyCustomerTest()[pri:0, instance:mavenFWProject.CustomerModuleTest@100fc185]" name="modifyCustomerTest" duration-ms="3" started-at="2019-08-30T14:39:02Z" finished-at="2019-08-30T14:39:02Z">
          <reporter-output>
          </reporter-output>
        </test-method> <!-- modifyCustomerTest -->
      </class> <!-- mavenFWProject.CustomerModuleTest -->
    </test> <!-- Default test -->
  </suite> <!-- Default suite -->
</testng-results>
